<?xml version="1.0" encoding="UTF-8"?>
<testsuite xmlns:xsi="http://www.w3.org/2001/XMLSchema-instance" xsi:noNamespaceSchemaLocation="https://maven.apache.org/surefire/maven-surefire-plugin/xsd/surefire-test-report-3.0.xsd" version="3.0" name="TestSuite" time="1.874" tests="13" errors="0" skipped="0" failures="0">
  <properties>
[...]
</properties>
  <testcase name="testBaseCase1" classname="jvtest.SolutionsTest" time="0.278">
    <system-err><![CDATA[SLF4J: Failed to load class "org.slf4j.impl.StaticLoggerBinder".
SLF4J: Defaulting to no-operation (NOP) logger implementation
SLF4J: See http://www.slf4j.org/codes.html#StaticLoggerBinder for further details.
]]></system-err>
  </testcase>
  <testcase name="testBaseCase2" classname="jvtest.SolutionsTest" time="0.009"/>
  <testcase name="testBoundaryCase1" classname="jvtest.SolutionsTest" time="0.004"/>
  <testcase name="testBoundaryCase2" classname="jvtest.SolutionsTest" time="0.005"/>
  <testcase name="testBoundaryCase3" classname="jvtest.SolutionsTest" time="0.006"/>
  <testcase name="testEdgeCase1" classname="jvtest.SolutionsTest" time="0.004"/>
  <testcase name="testEdgeCase2" classname="jvtest.SolutionsTest" time="0.004"/>
  <testcase name="testEdgeCase3" classname="jvtest.SolutionsTest" time="0.007"/>
  <testcase name="testEdgeCase4" classname="jvtest.SolutionsTest" time="0.005"/>
  <testcase name="testFaultCase1" classname="jvtest.SolutionsTest" time="0.006">
    <system-out><![CDATA[Flowerbed array cannot be empty
]]></system-out>
  </testcase>
  <testcase name="testFaultCase2" classname="jvtest.SolutionsTest" time="0.003"/>
  <testcase name="testLoadTest1" classname="jvtest.SolutionsTest" time="0.008"/>
  <testcase name="testLoadTest2" classname="jvtest.SolutionsTest" time="0.005"/>
</testsuite>